<?xml version="1.0" encoding="UTF-8"?>
<!-- Generated by org.testng.reporters.JUnitReportReporter -->
<testsuite hostname="DESKTOP-6PRSILR" failures="0" tests="1" name="TEST_NG_Framework.NewTest" time="22.453" errors="0" timestamp="24 May 2021 17:00:36 GMT" skipped="0">
  <testcase classname="TEST_NG_Framework.NewTest" name="f" time="22.453"/>
</testsuite> <!-- TEST_NG_Framework.NewTest -->
