<?xml version="1.0" encoding="UTF-8"?>
<!-- Generated by org.testng.reporters.JUnitReportReporter -->
<testsuite hostname="DESKTOP-6PRSILR" failures="0" tests="2" name="TEST_NG_Framework.BAsic_TestNG" time="21.487" errors="0" timestamp="24 May 2021 17:26:20 GMT" skipped="0">
  <testcase classname="TEST_NG_Framework.BAsic_TestNG" name="test1" time="9.938"/>
  <testcase classname="TEST_NG_Framework.BAsic_TestNG" name="test1" time="11.549"/>
</testsuite> <!-- TEST_NG_Framework.BAsic_TestNG -->
